<?xml version="1.0" encoding="UTF-8"?>
<!-- Generated by org.testng.reporters.JUnitReportReporter -->
<testsuite skipped="0" hostname="USITBOPANKL4C" name="com.orhrm.qa.test.HomePageTest" tests="2" failures="0" timestamp="04 Jul 2021 03:53:58 GMT" time="106.379" errors="0">
  <testcase name="homePageTest" time="52.151" classname="com.orhrm.qa.test.HomePageTest"/>
  <testcase name="spiceShuttle" time="54.228" classname="com.orhrm.qa.test.HomePageTest"/>
</testsuite> <!-- com.orhrm.qa.test.HomePageTest -->
