<?xml version="1.0" encoding="UTF-8"?>
<!-- Generated by org.testng.reporters.JUnitReportReporter -->
<testsuite skipped="0" hostname="USITBOPANKL4C" name="com.orhrm.qa.test.Test1" tests="1" failures="0" timestamp="04 Jul 2021 03:32:33 GMT" time="44.442" errors="0">
  <testcase name="homePageTest" time="44.442" classname="com.orhrm.qa.test.Test1"/>
</testsuite> <!-- com.orhrm.qa.test.Test1 -->
