<?xml version="1.0" encoding="UTF-8"?>
<!-- Generated by org.testng.reporters.JUnitReportReporter -->
<testsuite skipped="0" hostname="USITBOPANKL4C" name="com.orhrm.qa.test.SpiceShuttlePageTest" tests="1" failures="0" timestamp="04 Jul 2021 03:51:07 GMT" time="49.279" errors="0">
  <testcase name="spiceShuttle" time="49.279" classname="com.orhrm.qa.test.SpiceShuttlePageTest"/>
</testsuite> <!-- com.orhrm.qa.test.SpiceShuttlePageTest -->
